C:\USERS\U7ASHTUK\DESKTOP\FILES\HOSTINGOPENGLCONTROL\DEBUG\GLCLASSLIBRARY.DLL
C:\USERS\U7ASHTUK\DESKTOP\FILES\HOSTINGOPENGLCONTROL\DEBUG\GLCLASSLIBRARY.ILK
C:\USERS\U7ASHTUK\DESKTOP\FILES\HOSTINGOPENGLCONTROL\DEBUG\GLCLASSLIBRARY.PDB
C:\USERS\U7ASHTUK\DESKTOP\FILES\HOSTINGOPENGLCONTROL\GLCLASSLIBRARY\DEBUG\.NETFRAMEWORK,VERSION=V4.0.ASSEMBLYATTRIBUTES.OBJ
C:\USERS\U7ASHTUK\DESKTOP\FILES\HOSTINGOPENGLCONTROL\GLCLASSLIBRARY\DEBUG\APP.RES
C:\USERS\U7ASHTUK\DESKTOP\FILES\HOSTINGOPENGLCONTROL\GLCLASSLIBRARY\DEBUG\ASSEMBLYINFO.OBJ
C:\Users\u7ashtuk\Desktop\Files\HostingOpenGLControl\GLClassLibrary\Debug\cl.command.1.tlog
C:\Users\u7ashtuk\Desktop\Files\HostingOpenGLControl\GLClassLibrary\Debug\CL.read.1.tlog
C:\Users\u7ashtuk\Desktop\Files\HostingOpenGLControl\GLClassLibrary\Debug\CL.write.1.tlog
C:\USERS\U7ASHTUK\DESKTOP\FILES\HOSTINGOPENGLCONTROL\GLCLASSLIBRARY\DEBUG\GLCLASSLIBRARY.DLL.INTERMEDIATE.MANIFEST
C:\USERS\U7ASHTUK\DESKTOP\FILES\HOSTINGOPENGLCONTROL\GLCLASSLIBRARY\DEBUG\GLCLASSLIBRARY.OBJ
C:\USERS\U7ASHTUK\DESKTOP\FILES\HOSTINGOPENGLCONTROL\GLCLASSLIBRARY\DEBUG\GLCLASSLIBRARY.PCH
C:\Users\u7ashtuk\Desktop\Files\HostingOpenGLControl\GLClassLibrary\Debug\GLClassLibrary.write.1.tlog
C:\Users\u7ashtuk\Desktop\Files\HostingOpenGLControl\GLClassLibrary\Debug\link.10140.read.1.tlog
C:\Users\u7ashtuk\Desktop\Files\HostingOpenGLControl\GLClassLibrary\Debug\link.10140.write.1.tlog
C:\Users\u7ashtuk\Desktop\Files\HostingOpenGLControl\GLClassLibrary\Debug\link.10140-cvtres.read.1.tlog
C:\Users\u7ashtuk\Desktop\Files\HostingOpenGLControl\GLClassLibrary\Debug\link.10140-cvtres.write.1.tlog
C:\Users\u7ashtuk\Desktop\Files\HostingOpenGLControl\GLClassLibrary\Debug\link.command.1.tlog
C:\Users\u7ashtuk\Desktop\Files\HostingOpenGLControl\GLClassLibrary\Debug\link.read.1.tlog
C:\Users\u7ashtuk\Desktop\Files\HostingOpenGLControl\GLClassLibrary\Debug\link.write.1.tlog
C:\Users\u7ashtuk\Desktop\Files\HostingOpenGLControl\GLClassLibrary\Debug\metagen.read.1.tlog
C:\Users\u7ashtuk\Desktop\Files\HostingOpenGLControl\GLClassLibrary\Debug\metagen.write.1.tlog
C:\Users\u7ashtuk\Desktop\Files\HostingOpenGLControl\GLClassLibrary\Debug\mt.command.1.tlog
C:\Users\u7ashtuk\Desktop\Files\HostingOpenGLControl\GLClassLibrary\Debug\mt.read.1.tlog
C:\Users\u7ashtuk\Desktop\Files\HostingOpenGLControl\GLClassLibrary\Debug\mt.write.1.tlog
C:\Users\u7ashtuk\Desktop\Files\HostingOpenGLControl\GLClassLibrary\Debug\NVIEW.DLL.bi
C:\Users\u7ashtuk\Desktop\Files\HostingOpenGLControl\GLClassLibrary\Debug\rc.command.1.tlog
C:\Users\u7ashtuk\Desktop\Files\HostingOpenGLControl\GLClassLibrary\Debug\rc.read.1.tlog
C:\Users\u7ashtuk\Desktop\Files\HostingOpenGLControl\GLClassLibrary\Debug\rc.write.1.tlog
C:\Users\u7ashtuk\Desktop\Files\HostingOpenGLControl\GLClassLibrary\Debug\RSAENH.DLL.bi
C:\USERS\U7ASHTUK\DESKTOP\FILES\HOSTINGOPENGLCONTROL\GLCLASSLIBRARY\DEBUG\STDAFX.OBJ
C:\Users\u7ashtuk\Desktop\Files\HostingOpenGLControl\GLClassLibrary\Debug\TZRES.DLL.bi
C:\USERS\U7ASHTUK\DESKTOP\FILES\HOSTINGOPENGLCONTROL\GLCLASSLIBRARY\DEBUG\VC100.PDB
