C:\USERS\U7ASHTUK\DESKTOP\FILES\GLCLASSLIBRARY\GLCLASSLIBRARY\RELEASE\.NETFRAMEWORK,VERSION=V4.0.ASSEMBLYATTRIBUTES.OBJ
C:\USERS\U7ASHTUK\DESKTOP\FILES\GLCLASSLIBRARY\GLCLASSLIBRARY\RELEASE\APP.RES
C:\USERS\U7ASHTUK\DESKTOP\FILES\GLCLASSLIBRARY\GLCLASSLIBRARY\RELEASE\ASSEMBLYINFO.OBJ
C:\Users\u7ashtuk\Desktop\Files\GLClassLibrary\GLClassLibrary\Release\cl.command.1.tlog
C:\Users\u7ashtuk\Desktop\Files\GLClassLibrary\GLClassLibrary\Release\CL.read.1.tlog
C:\Users\u7ashtuk\Desktop\Files\GLClassLibrary\GLClassLibrary\Release\CL.write.1.tlog
C:\Users\u7ashtuk\Desktop\Files\GLClassLibrary\GLClassLibrary\Release\GLClassLibrary.dll.intermediate.manifest
C:\USERS\U7ASHTUK\DESKTOP\FILES\GLCLASSLIBRARY\GLCLASSLIBRARY\RELEASE\GLCLASSLIBRARY.OBJ
C:\USERS\U7ASHTUK\DESKTOP\FILES\GLCLASSLIBRARY\GLCLASSLIBRARY\RELEASE\GLCLASSLIBRARY.PCH
C:\Users\u7ashtuk\Desktop\Files\GLClassLibrary\GLClassLibrary\Release\GLClassLibrary.write.1.tlog
C:\Users\u7ashtuk\Desktop\Files\GLClassLibrary\GLClassLibrary\Release\link.command.1.tlog
C:\Users\u7ashtuk\Desktop\Files\GLClassLibrary\GLClassLibrary\Release\link.read.1.tlog
C:\Users\u7ashtuk\Desktop\Files\GLClassLibrary\GLClassLibrary\Release\link.write.1.tlog
C:\Users\u7ashtuk\Desktop\Files\GLClassLibrary\GLClassLibrary\Release\link-cvtres.read.1.tlog
C:\Users\u7ashtuk\Desktop\Files\GLClassLibrary\GLClassLibrary\Release\link-cvtres.write.1.tlog
C:\Users\u7ashtuk\Desktop\Files\GLClassLibrary\GLClassLibrary\Release\metagen.read.1.tlog
C:\Users\u7ashtuk\Desktop\Files\GLClassLibrary\GLClassLibrary\Release\metagen.write.1.tlog
C:\Users\u7ashtuk\Desktop\Files\GLClassLibrary\GLClassLibrary\Release\rc.command.1.tlog
C:\Users\u7ashtuk\Desktop\Files\GLClassLibrary\GLClassLibrary\Release\rc.read.1.tlog
C:\Users\u7ashtuk\Desktop\Files\GLClassLibrary\GLClassLibrary\Release\rc.write.1.tlog
C:\Users\u7ashtuk\Desktop\Files\GLClassLibrary\GLClassLibrary\Release\RSAENH.DLL.bi
C:\USERS\U7ASHTUK\DESKTOP\FILES\GLCLASSLIBRARY\GLCLASSLIBRARY\RELEASE\STDAFX.OBJ
C:\Users\u7ashtuk\Desktop\Files\GLClassLibrary\GLClassLibrary\Release\TZRES.DLL.bi
C:\USERS\U7ASHTUK\DESKTOP\FILES\GLCLASSLIBRARY\GLCLASSLIBRARY\RELEASE\VC100.PDB
C:\Users\u7ashtuk\Desktop\Files\GLClassLibrary\Release\GLClassLibrary.pdb
